[debug] [2023-10-02T15:46:54.568Z] ----------------------------------------------------------------------
[debug] [2023-10-02T15:46:54.571Z] Command:       C:\Program Files\nodejs\node.exe C:\Users\dvdni\AppData\Roaming\npm\node_modules\firebase-tools\lib\bin\firebase.js login
[debug] [2023-10-02T15:46:54.572Z] CLI Version:   12.6.1
[debug] [2023-10-02T15:46:54.572Z] Platform:      win32
[debug] [2023-10-02T15:46:54.572Z] Node Version:  v18.15.0
[debug] [2023-10-02T15:46:54.574Z] Time:          Mon Oct 02 2023 16:46:54 GMT+0100 (British Summer Time)
[debug] [2023-10-02T15:46:54.574Z] ----------------------------------------------------------------------
[debug] 
[debug] [2023-10-02T15:46:54.581Z] >>> [apiv2][query] GET https://firebase-public.firebaseio.com/cli.json [none]
[info] i  Firebase optionally collects CLI and Emulator Suite usage and error reporting information to help improve our products. Data is collected in accordance with Google's privacy policy (https://policies.google.com/privacy) and is not used to identify you.
 
[debug] [2023-10-02T15:46:55.010Z] <<< [apiv2][status] GET https://firebase-public.firebaseio.com/cli.json 200
[debug] [2023-10-02T15:46:55.011Z] <<< [apiv2][body] GET https://firebase-public.firebaseio.com/cli.json {"cloudBuildErrorAfter":1594252800000,"cloudBuildWarnAfter":1590019200000,"defaultNode10After":1594252800000,"minVersion":"3.0.5","node8DeploysDisabledAfter":1613390400000,"node8RuntimeDisabledAfter":1615809600000,"node8WarnAfter":1600128000000}
[info] 
[info] Visit this URL on this device to log in:
[info] https://accounts.google.com/o/oauth2/auth?client_id=563584335869-fgrhgmd47bqnekij5i8b5pr03ho849e6.apps.googleusercontent.com&scope=email%20openid%20https%3A%2F%2Fwww.googleapis.com%2Fauth%2Fcloudplatformprojects.readonly%20https%3A%2F%2Fwww.googleapis.com%2Fauth%2Ffirebase%20https%3A%2F%2Fwww.googleapis.com%2Fauth%2Fcloud-platform&response_type=code&state=1060146252&redirect_uri=http%3A%2F%2Flocalhost%3A9005
[info] 
[info] Waiting for authentication...
[debug] [2023-10-02T15:47:03.145Z] Error: spawn cmd ENOENT
    at ChildProcess._handle.onexit (node:internal/child_process:283:19)
    at onErrorNT (node:internal/child_process:476:16)
    at process.processTicksAndRejections (node:internal/process/task_queues:82:21)
[error] 
[error] Error: An unexpected error has occurred.
[debug] [2023-10-02T15:49:58.078Z] ----------------------------------------------------------------------
[debug] [2023-10-02T15:49:58.084Z] Command:       C:\Program Files\nodejs\node.exe C:\Users\dvdni\AppData\Roaming\npm\node_modules\firebase-tools\lib\bin\firebase.js login
[debug] [2023-10-02T15:49:58.084Z] CLI Version:   12.6.1
[debug] [2023-10-02T15:49:58.085Z] Platform:      win32
[debug] [2023-10-02T15:49:58.085Z] Node Version:  v18.15.0
[debug] [2023-10-02T15:49:58.092Z] Time:          Mon Oct 02 2023 16:49:58 GMT+0100 (British Summer Time)
[debug] [2023-10-02T15:49:58.092Z] ----------------------------------------------------------------------
[debug] 
[info] i  Firebase optionally collects CLI and Emulator Suite usage and error reporting information to help improve our products. Data is collected in accordance with Google's privacy policy (https://policies.google.com/privacy) and is not used to identify you.
 
[info] 
[info] Visit this URL on this device to log in:
[info] https://accounts.google.com/o/oauth2/auth?client_id=563584335869-fgrhgmd47bqnekij5i8b5pr03ho849e6.apps.googleusercontent.com&scope=email%20openid%20https%3A%2F%2Fwww.googleapis.com%2Fauth%2Fcloudplatformprojects.readonly%20https%3A%2F%2Fwww.googleapis.com%2Fauth%2Ffirebase%20https%3A%2F%2Fwww.googleapis.com%2Fauth%2Fcloud-platform&response_type=code&state=101203861&redirect_uri=http%3A%2F%2Flocalhost%3A9005
[info] 
[info] Waiting for authentication...
[debug] [2023-10-02T15:50:58.380Z] Error: spawn cmd ENOENT
    at ChildProcess._handle.onexit (node:internal/child_process:283:19)
    at onErrorNT (node:internal/child_process:476:16)
    at process.processTicksAndRejections (node:internal/process/task_queues:82:21)
[error] 
[error] Error: An unexpected error has occurred.
